2022-12-14 21:14:45,794 INFO  [Log] ************************************* 
2022-12-14 21:14:45,795 INFO  [Log] ****************************************** 
2022-12-14 21:14:45,801 INFO  [Log] ############   My first test case is Login test ################ 
2022-12-14 21:14:45,801 INFO  [Log] ************************************* 
2022-12-14 21:14:45,801 INFO  [Log] ****************************************** 
2022-12-14 21:14:45,801 INFO  [Log] My log in test is going on 
2022-12-14 21:14:45,801 INFO  [Log] My test case might be failed 
2022-12-14 21:15:14,778 INFO  [Log] My test cae is about to complete 
2022-12-14 21:15:14,778 INFO  [Log] ################################## 
2022-12-14 21:15:14,778 INFO  [Log] ########################################## 
2022-12-14 21:15:14,778 INFO  [Log] ############   This is my Login test again ################ 
2022-12-14 21:15:14,778 INFO  [Log] ########################## 
2022-12-14 21:15:14,778 INFO  [Log] ########################################## 
2022-12-14 21:16:38,718 INFO  [Log] ************************************* 
2022-12-14 21:16:38,718 INFO  [Log] ****************************************** 
2022-12-14 21:16:38,720 INFO  [Log] ############   My first test case is Login test ################ 
2022-12-14 21:16:38,721 INFO  [Log] ************************************* 
2022-12-14 21:16:38,721 INFO  [Log] ****************************************** 
2022-12-14 21:16:38,721 INFO  [Log] My log in test is going on 
2022-12-14 21:16:38,721 INFO  [Log] My test case might be failed 
2022-12-14 21:16:40,943 INFO  [Log] My test case is about to complete 
2022-12-14 21:16:40,943 INFO  [Log] ################################## 
2022-12-14 21:16:40,943 INFO  [Log] ########################################## 
2022-12-14 21:16:40,943 INFO  [Log] ############   This is my Login test again ################ 
2022-12-14 21:16:40,943 INFO  [Log] ########################## 
2022-12-14 21:16:40,943 INFO  [Log] ########################################## 
2022-12-14 21:29:00,381 INFO  [Log] ************************************* 
2022-12-14 21:29:00,381 INFO  [Log] ****************************************** 
2022-12-14 21:29:00,384 INFO  [Log] ############   My first test case is Login test ################ 
2022-12-14 21:29:00,384 INFO  [Log] ************************************* 
2022-12-14 21:29:00,384 INFO  [Log] ****************************************** 
2022-12-14 21:29:00,384 INFO  [Log] My log in test is going on 
2022-12-14 21:29:00,384 INFO  [Log] My test case might be failed 
2022-12-14 21:29:02,590 INFO  [Log] My test case is about to complete 
2022-12-14 21:29:02,591 INFO  [Log] ################################## 
2022-12-14 21:29:02,591 INFO  [Log] ########################################## 
2022-12-14 21:29:02,591 INFO  [Log] ############   This is my Login test again ################ 
2022-12-14 21:29:02,591 INFO  [Log] ########################## 
2022-12-14 21:29:02,591 INFO  [Log] ########################################## 
2022-12-14 21:41:52,410 INFO  [Log] ************************************* 
2022-12-14 21:41:52,410 INFO  [Log] ****************************************** 
2022-12-14 21:41:52,415 INFO  [Log] ############   My first test case is Login test ################ 
2022-12-14 21:41:52,415 INFO  [Log] ************************************* 
2022-12-14 21:41:52,415 INFO  [Log] ****************************************** 
2022-12-14 21:41:52,415 INFO  [Log] My log in test is going on 
2022-12-14 21:41:52,415 INFO  [Log] My test case might be failed 
2022-12-14 21:41:54,718 INFO  [Log] My test case is about to complete 
2022-12-14 21:41:54,718 INFO  [Log] ################################## 
2022-12-14 21:41:54,718 INFO  [Log] ########################################## 
2022-12-14 21:41:54,718 INFO  [Log] ############   This is my Login test again ################ 
2022-12-14 21:41:54,718 INFO  [Log] ########################## 
2022-12-14 21:41:54,718 INFO  [Log] ########################################## 
2022-12-14 22:38:21,433 INFO  [Log] ************************************* 
2022-12-14 22:38:21,434 INFO  [Log] ****************************************** 
2022-12-14 22:38:21,437 INFO  [Log] ############   My first test case is Login test ################ 
2022-12-14 22:38:21,437 INFO  [Log] ************************************* 
2022-12-14 22:38:21,437 INFO  [Log] ****************************************** 
2022-12-14 22:38:21,437 INFO  [Log] My log in test is going on 
2022-12-14 22:38:21,437 INFO  [Log] My test case might be failed 
2022-12-14 22:38:26,410 INFO  [Log] My test case is about to complete 
2022-12-14 22:38:26,410 INFO  [Log] ################################## 
2022-12-14 22:38:26,410 INFO  [Log] ########################################## 
2022-12-14 22:38:26,410 INFO  [Log] ############   This is my Login test again ################ 
2022-12-14 22:38:26,410 INFO  [Log] ########################## 
2022-12-14 22:38:26,410 INFO  [Log] ########################################## 
2022-12-14 22:40:04,360 INFO  [Log] ************************************* 
2022-12-14 22:40:04,360 INFO  [Log] ****************************************** 
2022-12-14 22:40:04,364 INFO  [Log] ############   My first test case is Login test ################ 
2022-12-14 22:40:04,364 INFO  [Log] ************************************* 
2022-12-14 22:40:04,364 INFO  [Log] ****************************************** 
2022-12-14 22:40:04,364 INFO  [Log] My log in test is going on 
2022-12-14 22:40:04,364 INFO  [Log] My test case might be failed 
2022-12-14 22:40:06,756 INFO  [Log] My test case is about to complete 
2022-12-14 22:40:06,756 INFO  [Log] ################################## 
2022-12-14 22:40:06,756 INFO  [Log] ########################################## 
2022-12-14 22:40:06,756 INFO  [Log] ############   This is my Login test again ################ 
2022-12-14 22:40:06,756 INFO  [Log] ########################## 
2022-12-14 22:40:06,756 INFO  [Log] ########################################## 
2022-12-15 11:11:10,862 INFO  [Log] ************************************* 
2022-12-15 11:11:10,864 INFO  [Log] ****************************************** 
2022-12-15 11:11:10,885 INFO  [Log] ############   My first test case is Login test ################ 
2022-12-15 11:11:10,885 INFO  [Log] ************************************* 
2022-12-15 11:11:10,885 INFO  [Log] ****************************************** 
2022-12-15 11:11:10,885 INFO  [Log] My log in test is going on 
2022-12-15 11:11:10,885 INFO  [Log] My test case might be failed 
2022-12-15 11:11:16,965 INFO  [Log] My test case is about to complete 
2022-12-15 11:11:16,965 INFO  [Log] ################################## 
2022-12-15 11:11:16,965 INFO  [Log] ########################################## 
2022-12-15 11:11:16,965 INFO  [Log] ############   This is my Login test again ################ 
2022-12-15 11:11:16,965 INFO  [Log] ########################## 
2022-12-15 11:11:16,965 INFO  [Log] ########################################## 
2022-12-22 15:11:25,489 INFO  [Log] ************************************* 
2022-12-22 15:11:25,490 INFO  [Log] ****************************************** 
2022-12-22 15:11:25,492 INFO  [Log] ############   My first test case is Login test ################ 
2022-12-22 15:11:25,492 INFO  [Log] ************************************* 
2022-12-22 15:11:25,492 INFO  [Log] ****************************************** 
2022-12-22 15:11:25,492 INFO  [Log] My log in test is going on 
2022-12-22 15:11:25,492 INFO  [Log] My test case might be failed 
2022-12-22 15:11:31,875 INFO  [Log] My test case is about to complete 
2022-12-22 15:11:31,875 INFO  [Log] ################################## 
2022-12-22 15:11:31,875 INFO  [Log] ########################################## 
2022-12-22 15:11:31,876 INFO  [Log] ############   This is my Login test again ################ 
2022-12-22 15:11:31,876 INFO  [Log] ########################## 
2022-12-22 15:11:31,876 INFO  [Log] ########################################## 
2022-12-22 15:12:21,107 INFO  [Log] ************************************* 
2022-12-22 15:12:21,107 INFO  [Log] ****************************************** 
2022-12-22 15:12:21,112 INFO  [Log] ############   My first test case is Login test ################ 
2022-12-22 15:12:21,112 INFO  [Log] ************************************* 
2022-12-22 15:12:21,112 INFO  [Log] ****************************************** 
2022-12-22 15:12:21,112 INFO  [Log] My log in test is going on 
2022-12-22 15:12:21,112 INFO  [Log] My test case might be failed 
2022-12-22 15:12:23,504 INFO  [Log] My test case is about to complete 
2022-12-22 15:12:23,504 INFO  [Log] ################################## 
2022-12-22 15:12:23,504 INFO  [Log] ########################################## 
2022-12-22 15:12:23,504 INFO  [Log] ############   This is my Login test again ################ 
2022-12-22 15:12:23,504 INFO  [Log] ########################## 
2022-12-22 15:12:23,504 INFO  [Log] ########################################## 
2023-01-08 13:27:51,795 INFO  [Log] ************************************* 
2023-01-08 13:27:51,795 INFO  [Log] ****************************************** 
2023-01-08 13:27:51,799 INFO  [Log] ############   My first test case is Login test ################ 
2023-01-08 13:27:51,799 INFO  [Log] ************************************* 
2023-01-08 13:27:51,799 INFO  [Log] ****************************************** 
2023-01-08 13:27:51,799 INFO  [Log] My log in test is going on 
2023-01-08 13:27:51,799 INFO  [Log] My test case might be failed 
2023-01-08 13:27:57,245 INFO  [Log] My test case is about to complete 
2023-01-08 13:27:57,245 INFO  [Log] ################################## 
2023-01-08 13:27:57,245 INFO  [Log] ########################################## 
2023-01-08 13:27:57,246 INFO  [Log] ############   This is my Login test again ################ 
2023-01-08 13:27:57,246 INFO  [Log] ########################## 
2023-01-08 13:27:57,246 INFO  [Log] ########################################## 
2023-01-08 13:31:54,842 INFO  [Log] ************************************* 
2023-01-08 13:31:54,843 INFO  [Log] ****************************************** 
2023-01-08 13:31:54,847 INFO  [Log] ############   My first test case is Login test ################ 
2023-01-08 13:31:54,847 INFO  [Log] ************************************* 
2023-01-08 13:31:54,847 INFO  [Log] ****************************************** 
2023-01-08 13:31:54,847 INFO  [Log] My log in test is going on 
2023-01-08 13:31:54,847 INFO  [Log] My test case might be failed 
2023-01-08 13:32:01,509 INFO  [Log] My test case is about to complete 
2023-01-08 13:32:01,509 INFO  [Log] ################################## 
2023-01-08 13:32:01,509 INFO  [Log] ########################################## 
2023-01-08 13:32:01,509 INFO  [Log] ############   This is my Login test again ################ 
2023-01-08 13:32:01,509 INFO  [Log] ########################## 
2023-01-08 13:32:01,509 INFO  [Log] ########################################## 
2023-01-08 13:35:04,706 INFO  [Log] ************************************* 
2023-01-08 13:35:04,706 INFO  [Log] ****************************************** 
2023-01-08 13:35:04,709 INFO  [Log] ############   My first test case is Login test ################ 
2023-01-08 13:35:04,710 INFO  [Log] ************************************* 
2023-01-08 13:35:04,710 INFO  [Log] ****************************************** 
2023-01-08 13:35:04,710 INFO  [Log] My log in test is going on 
2023-01-08 13:35:04,710 INFO  [Log] My test case might be failed 
2023-01-08 13:35:15,322 INFO  [Log] My test case is about to complete 
2023-01-08 13:35:15,323 INFO  [Log] ################################## 
2023-01-08 13:35:15,323 INFO  [Log] ########################################## 
2023-01-08 13:35:15,324 INFO  [Log] ############   This is my Login test again ################ 
2023-01-08 13:35:15,324 INFO  [Log] ########################## 
2023-01-08 13:35:15,324 INFO  [Log] ########################################## 
2023-01-08 13:37:08,308 INFO  [Log] ************************************* 
2023-01-08 13:37:08,308 INFO  [Log] ****************************************** 
2023-01-08 13:37:08,310 INFO  [Log] ############   My first test case is Login test ################ 
2023-01-08 13:37:08,310 INFO  [Log] ************************************* 
2023-01-08 13:37:08,310 INFO  [Log] ****************************************** 
2023-01-08 13:37:08,310 INFO  [Log] My log in test is going on 
2023-01-08 13:37:08,310 INFO  [Log] My test case might be failed 
2023-01-08 13:37:15,334 INFO  [Log] My test case is about to complete 
2023-01-08 13:37:15,334 INFO  [Log] ################################## 
2023-01-08 13:37:15,334 INFO  [Log] ########################################## 
2023-01-08 13:37:15,334 INFO  [Log] ############   This is my Login test again ################ 
2023-01-08 13:37:15,334 INFO  [Log] ########################## 
2023-01-08 13:37:15,334 INFO  [Log] ########################################## 
2023-01-08 13:53:30,759 INFO  [Log] ************************************* 
2023-01-08 13:53:30,759 INFO  [Log] ****************************************** 
2023-01-08 13:53:30,763 INFO  [Log] ############   My first test case is Login test ################ 
2023-01-08 13:53:30,763 INFO  [Log] ************************************* 
2023-01-08 13:53:30,763 INFO  [Log] ****************************************** 
2023-01-08 13:53:30,763 INFO  [Log] My log in test is going on 
2023-01-08 13:53:30,763 INFO  [Log] My test case might be failed 
2023-01-08 13:53:37,493 INFO  [Log] My test case is about to complete 
2023-01-08 13:53:37,493 INFO  [Log] ################################## 
2023-01-08 13:53:37,493 INFO  [Log] ########################################## 
2023-01-08 13:53:37,493 INFO  [Log] ############   This is my Login test again ################ 
2023-01-08 13:53:37,493 INFO  [Log] ########################## 
2023-01-08 13:53:37,493 INFO  [Log] ########################################## 
2023-01-08 13:55:01,008 INFO  [Log] ************************************* 
2023-01-08 13:55:01,008 INFO  [Log] ****************************************** 
2023-01-08 13:55:01,011 INFO  [Log] ############   My first test case is Login test ################ 
2023-01-08 13:55:01,011 INFO  [Log] ************************************* 
2023-01-08 13:55:01,011 INFO  [Log] ****************************************** 
2023-01-08 13:55:01,012 INFO  [Log] My log in test is going on 
2023-01-08 13:55:01,012 INFO  [Log] My test case might be failed 
2023-01-08 13:55:07,659 INFO  [Log] My test case is about to complete 
2023-01-08 13:55:07,659 INFO  [Log] ################################## 
2023-01-08 13:55:07,659 INFO  [Log] ########################################## 
2023-01-08 13:55:07,665 INFO  [Log] ############   This is my Login test again ################ 
2023-01-08 13:55:07,665 INFO  [Log] ########################## 
2023-01-08 13:55:07,665 INFO  [Log] ########################################## 
2023-01-08 14:29:05,245 INFO  [Log] ************************************* 
2023-01-08 14:29:05,246 INFO  [Log] ****************************************** 
2023-01-08 14:29:05,251 INFO  [Log] ############   My first test case is Login test ################ 
2023-01-08 14:29:05,251 INFO  [Log] ************************************* 
2023-01-08 14:29:05,251 INFO  [Log] ****************************************** 
2023-01-08 14:29:05,251 INFO  [Log] My log in test is going on 
2023-01-08 14:29:05,251 INFO  [Log] My test case might be failed 
2023-01-08 14:29:12,038 INFO  [Log] My test case is about to complete 
2023-01-08 14:29:12,039 INFO  [Log] ################################## 
2023-01-08 14:29:12,039 INFO  [Log] ########################################## 
2023-01-08 14:29:12,039 INFO  [Log] ############   This is my Login test again ################ 
2023-01-08 14:29:12,039 INFO  [Log] ########################## 
2023-01-08 14:29:12,039 INFO  [Log] ########################################## 
2023-01-10 14:56:55,720 INFO  [Log] ************************************* 
2023-01-10 14:56:55,721 INFO  [Log] ****************************************** 
2023-01-10 14:56:55,726 INFO  [Log] ############   My first test case is Login test ################ 
2023-01-10 14:56:55,726 INFO  [Log] ************************************* 
2023-01-10 14:56:55,726 INFO  [Log] ****************************************** 
2023-01-10 14:56:55,726 INFO  [Log] My log in test is going on 
2023-01-10 14:56:55,726 INFO  [Log] My test case might be failed 
2023-01-10 14:57:04,914 INFO  [Log] My test case is about to complete 
2023-01-10 14:57:04,914 INFO  [Log] ################################## 
2023-01-10 14:57:04,914 INFO  [Log] ########################################## 
2023-01-10 14:57:04,914 INFO  [Log] ############   This is my Login test again ################ 
2023-01-10 14:57:04,914 INFO  [Log] ########################## 
2023-01-10 14:57:04,914 INFO  [Log] ########################################## 
2023-01-10 15:01:46,866 INFO  [Log] ************************************* 
2023-01-10 15:01:46,867 INFO  [Log] ****************************************** 
2023-01-10 15:01:46,872 INFO  [Log] ############   My first test case is Login test ################ 
2023-01-10 15:01:46,872 INFO  [Log] ************************************* 
2023-01-10 15:01:46,872 INFO  [Log] ****************************************** 
2023-01-10 15:01:46,872 INFO  [Log] My log in test is going on 
2023-01-10 15:01:46,872 INFO  [Log] My test case might be failed 
2023-01-10 15:01:53,611 INFO  [Log] My test case is about to complete 
2023-01-10 15:01:53,611 INFO  [Log] ################################## 
2023-01-10 15:01:53,611 INFO  [Log] ########################################## 
2023-01-10 15:01:53,611 INFO  [Log] ############   This is my Login test again ################ 
2023-01-10 15:01:53,611 INFO  [Log] ########################## 
2023-01-10 15:01:53,611 INFO  [Log] ########################################## 
2023-01-10 15:04:11,972 INFO  [Log] ************************************* 
2023-01-10 15:04:11,972 INFO  [Log] ****************************************** 
2023-01-10 15:04:11,977 INFO  [Log] ############   My first test case is Login test ################ 
2023-01-10 15:04:11,977 INFO  [Log] ************************************* 
2023-01-10 15:04:11,977 INFO  [Log] ****************************************** 
2023-01-10 15:04:11,977 INFO  [Log] My log in test is going on 
2023-01-10 15:04:11,978 INFO  [Log] My test case might be failed 
2023-01-10 15:04:18,837 INFO  [Log] My test case is about to complete 
2023-01-10 15:04:18,837 INFO  [Log] ################################## 
2023-01-10 15:04:18,837 INFO  [Log] ########################################## 
2023-01-10 15:04:18,837 INFO  [Log] ############   This is my Login test again ################ 
2023-01-10 15:04:18,837 INFO  [Log] ########################## 
2023-01-10 15:04:18,837 INFO  [Log] ########################################## 
2023-01-10 15:09:06,795 INFO  [Log] ************************************* 
2023-01-10 15:09:06,795 INFO  [Log] ****************************************** 
2023-01-10 15:09:06,809 INFO  [Log] ############   My first test case is Login test ################ 
2023-01-10 15:09:06,810 INFO  [Log] ************************************* 
2023-01-10 15:09:06,810 INFO  [Log] ****************************************** 
2023-01-10 15:09:06,810 INFO  [Log] My log in test is going on 
2023-01-10 15:09:06,810 INFO  [Log] My test case might be failed 
2023-01-10 15:09:13,331 INFO  [Log] My test case is about to complete 
2023-01-10 15:09:13,332 INFO  [Log] ################################## 
2023-01-10 15:09:13,332 INFO  [Log] ########################################## 
2023-01-10 15:09:13,332 INFO  [Log] ############   This is my Login test again ################ 
2023-01-10 15:09:13,332 INFO  [Log] ########################## 
2023-01-10 15:09:13,332 INFO  [Log] ########################################## 
2023-01-10 15:23:15,382 INFO  [Log] ************************************* 
2023-01-10 15:23:15,383 INFO  [Log] ****************************************** 
2023-01-10 15:23:15,389 INFO  [Log] ############   My first test case is Login test ################ 
2023-01-10 15:23:15,389 INFO  [Log] ************************************* 
2023-01-10 15:23:15,389 INFO  [Log] ****************************************** 
2023-01-10 15:23:15,390 INFO  [Log] My log in test is going on 
2023-01-10 15:23:15,390 INFO  [Log] My test case might be failed 
2023-01-10 15:23:22,071 INFO  [Log] My test case is about to complete 
2023-01-10 15:23:22,071 INFO  [Log] ################################## 
2023-01-10 15:23:22,071 INFO  [Log] ########################################## 
2023-01-10 15:23:22,072 INFO  [Log] ############   This is my Login test again ################ 
2023-01-10 15:23:22,072 INFO  [Log] ########################## 
2023-01-10 15:23:22,072 INFO  [Log] ########################################## 
2023-01-10 15:56:24,502 INFO  [Log] ************************************* 
2023-01-10 15:56:24,503 INFO  [Log] ****************************************** 
2023-01-10 15:56:24,507 INFO  [Log] ############   My first test case is Login test ################ 
2023-01-10 15:56:24,507 INFO  [Log] ************************************* 
2023-01-10 15:56:24,507 INFO  [Log] ****************************************** 
2023-01-10 15:56:24,507 INFO  [Log] My log in test is going on 
2023-01-10 15:56:24,507 INFO  [Log] My test case might be failed 
2023-01-10 15:56:31,310 INFO  [Log] My test case is about to complete 
2023-01-10 15:56:31,310 INFO  [Log] ################################## 
2023-01-10 15:56:31,310 INFO  [Log] ########################################## 
2023-01-10 15:56:31,310 INFO  [Log] ############   This is my Login test again ################ 
2023-01-10 15:56:31,310 INFO  [Log] ########################## 
2023-01-10 15:56:31,310 INFO  [Log] ########################################## 
2023-01-10 16:03:33,092 INFO  [Log] ************************************* 
2023-01-10 16:03:33,092 INFO  [Log] ****************************************** 
2023-01-10 16:03:33,096 INFO  [Log] ############   My first test case is Login test ################ 
2023-01-10 16:03:33,096 INFO  [Log] ************************************* 
2023-01-10 16:03:33,096 INFO  [Log] ****************************************** 
2023-01-10 16:03:33,096 INFO  [Log] My log in test is going on 
2023-01-10 16:03:33,096 INFO  [Log] My test case might be failed 
2023-01-10 16:03:43,036 INFO  [Log] My test case is about to complete 
2023-01-10 16:03:43,037 INFO  [Log] ################################## 
2023-01-10 16:03:43,037 INFO  [Log] ########################################## 
2023-01-10 16:03:43,037 INFO  [Log] ############   This is my Login test again ################ 
2023-01-10 16:03:43,037 INFO  [Log] ########################## 
2023-01-10 16:03:43,037 INFO  [Log] ########################################## 
2023-01-10 16:08:04,203 INFO  [Log] ************************************* 
2023-01-10 16:08:04,204 INFO  [Log] ****************************************** 
2023-01-10 16:08:04,206 INFO  [Log] ############   My first test case is Login test ################ 
2023-01-10 16:08:04,206 INFO  [Log] ************************************* 
2023-01-10 16:08:04,206 INFO  [Log] ****************************************** 
2023-01-10 16:08:04,206 INFO  [Log] My log in test is going on 
2023-01-10 16:08:04,206 INFO  [Log] My test case might be failed 
2023-01-10 16:08:10,758 INFO  [Log] My test case is about to complete 
2023-01-10 16:08:10,758 INFO  [Log] ################################## 
2023-01-10 16:08:10,758 INFO  [Log] ########################################## 
2023-01-10 16:08:10,759 INFO  [Log] ############   This is my Login test again ################ 
2023-01-10 16:08:10,759 INFO  [Log] ########################## 
2023-01-10 16:08:10,759 INFO  [Log] ########################################## 
2023-01-10 16:23:59,393 INFO  [Log] ************************************* 
2023-01-10 16:23:59,394 INFO  [Log] ****************************************** 
2023-01-10 16:23:59,397 INFO  [Log] ############   My first test case is Login test ################ 
2023-01-10 16:23:59,398 INFO  [Log] ************************************* 
2023-01-10 16:23:59,398 INFO  [Log] ****************************************** 
2023-01-10 16:23:59,398 INFO  [Log] My log in test is going on 
2023-01-10 16:23:59,398 INFO  [Log] My test case might be failed 
2023-01-10 16:24:06,042 INFO  [Log] My test case is about to complete 
2023-01-10 16:24:06,042 INFO  [Log] ################################## 
2023-01-10 16:24:06,042 INFO  [Log] ########################################## 
2023-01-10 16:24:06,042 INFO  [Log] ############   This is my Login test again ################ 
2023-01-10 16:24:06,042 INFO  [Log] ########################## 
2023-01-10 16:24:06,042 INFO  [Log] ########################################## 
2023-01-10 16:57:50,146 INFO  [Log] ************************************* 
2023-01-10 16:57:50,147 INFO  [Log] ****************************************** 
2023-01-10 16:57:50,151 INFO  [Log] ############   My first test case is Login test ################ 
2023-01-10 16:57:50,151 INFO  [Log] ************************************* 
2023-01-10 16:57:50,151 INFO  [Log] ****************************************** 
2023-01-10 16:57:50,151 INFO  [Log] My log in test is going on 
2023-01-10 16:57:50,151 INFO  [Log] My test case might be failed 
2023-01-10 16:57:57,083 INFO  [Log] My test case is about to complete 
2023-01-10 16:57:57,083 INFO  [Log] ################################## 
2023-01-10 16:57:57,083 INFO  [Log] ########################################## 
2023-01-10 16:57:57,083 INFO  [Log] ############   This is my Login test again ################ 
2023-01-10 16:57:57,083 INFO  [Log] ########################## 
2023-01-10 16:57:57,084 INFO  [Log] ########################################## 
2023-01-10 17:01:34,125 INFO  [Log] ************************************* 
2023-01-10 17:01:34,125 INFO  [Log] ****************************************** 
2023-01-10 17:01:34,134 INFO  [Log] ############   My first test case is Login test ################ 
2023-01-10 17:01:34,134 INFO  [Log] ************************************* 
2023-01-10 17:01:34,134 INFO  [Log] ****************************************** 
2023-01-10 17:01:34,134 INFO  [Log] My log in test is going on 
2023-01-10 17:01:34,134 INFO  [Log] My test case might be failed 
2023-01-10 17:01:41,421 INFO  [Log] My test case is about to complete 
2023-01-10 17:01:41,421 INFO  [Log] ################################## 
2023-01-10 17:01:41,421 INFO  [Log] ########################################## 
2023-01-10 17:01:41,421 INFO  [Log] ############   This is my Login test again ################ 
2023-01-10 17:01:41,421 INFO  [Log] ########################## 
2023-01-10 17:01:41,421 INFO  [Log] ########################################## 
2023-01-10 17:05:37,201 INFO  [Log] ************************************* 
2023-01-10 17:05:37,202 INFO  [Log] ****************************************** 
2023-01-10 17:05:37,206 INFO  [Log] ############   My first test case is Login test ################ 
2023-01-10 17:05:37,206 INFO  [Log] ************************************* 
2023-01-10 17:05:37,206 INFO  [Log] ****************************************** 
2023-01-10 17:05:37,206 INFO  [Log] My log in test is going on 
2023-01-10 17:05:37,206 INFO  [Log] My test case might be failed 
2023-01-10 17:05:47,642 INFO  [Log] My test case is about to complete 
2023-01-10 17:05:47,642 INFO  [Log] ################################## 
2023-01-10 17:05:47,642 INFO  [Log] ########################################## 
2023-01-10 17:05:47,642 INFO  [Log] ############   This is my Login test again ################ 
2023-01-10 17:05:47,643 INFO  [Log] ########################## 
2023-01-10 17:05:47,643 INFO  [Log] ########################################## 
2023-01-10 17:07:03,155 INFO  [Log] ************************************* 
2023-01-10 17:07:03,156 INFO  [Log] ****************************************** 
2023-01-10 17:07:03,162 INFO  [Log] ############   My first test case is Login test ################ 
2023-01-10 17:07:03,162 INFO  [Log] ************************************* 
2023-01-10 17:07:03,162 INFO  [Log] ****************************************** 
2023-01-10 17:07:03,163 INFO  [Log] My log in test is going on 
2023-01-10 17:07:03,163 INFO  [Log] My test case might be failed 
2023-01-10 17:07:10,327 INFO  [Log] My test case is about to complete 
2023-01-10 17:07:10,327 INFO  [Log] ################################## 
2023-01-10 17:07:10,327 INFO  [Log] ########################################## 
2023-01-10 17:07:10,327 INFO  [Log] ############   This is my Login test again ################ 
2023-01-10 17:07:10,327 INFO  [Log] ########################## 
2023-01-10 17:07:10,327 INFO  [Log] ########################################## 
2023-01-10 18:29:39,359 INFO  [Log] ************************************* 
2023-01-10 18:29:39,360 INFO  [Log] ****************************************** 
2023-01-10 18:29:39,368 INFO  [Log] ############   My first test case is Login test ################ 
2023-01-10 18:29:39,368 INFO  [Log] ************************************* 
2023-01-10 18:29:39,368 INFO  [Log] ****************************************** 
2023-01-10 18:29:39,368 INFO  [Log] My log in test is going on 
2023-01-10 18:29:39,368 INFO  [Log] My test case might be failed 
2023-01-10 18:29:49,164 INFO  [Log] My test case is about to complete 
2023-01-10 18:29:49,164 INFO  [Log] ################################## 
2023-01-10 18:29:49,164 INFO  [Log] ########################################## 
2023-01-10 18:29:49,164 INFO  [Log] ############   This is my Login test again ################ 
2023-01-10 18:29:49,164 INFO  [Log] ########################## 
2023-01-10 18:29:49,164 INFO  [Log] ########################################## 
2023-01-10 18:30:42,073 INFO  [Log] ************************************* 
2023-01-10 18:30:42,073 INFO  [Log] ****************************************** 
2023-01-10 18:30:42,076 INFO  [Log] ############   My first test case is Login test ################ 
2023-01-10 18:30:42,076 INFO  [Log] ************************************* 
2023-01-10 18:30:42,076 INFO  [Log] ****************************************** 
2023-01-10 18:30:42,076 INFO  [Log] My log in test is going on 
2023-01-10 18:30:42,076 INFO  [Log] My test case might be failed 
2023-01-10 18:30:48,647 INFO  [Log] My test case is about to complete 
2023-01-10 18:30:48,647 INFO  [Log] ################################## 
2023-01-10 18:30:48,647 INFO  [Log] ########################################## 
2023-01-10 18:30:48,648 INFO  [Log] ############   This is my Login test again ################ 
2023-01-10 18:30:48,648 INFO  [Log] ########################## 
2023-01-10 18:30:48,648 INFO  [Log] ########################################## 
2023-01-10 18:44:26,855 INFO  [Log] ************************************* 
2023-01-10 18:44:26,855 INFO  [Log] ****************************************** 
2023-01-10 18:44:26,859 INFO  [Log] ############   My first test case is Login test ################ 
2023-01-10 18:44:26,859 INFO  [Log] ************************************* 
2023-01-10 18:44:26,859 INFO  [Log] ****************************************** 
2023-01-10 18:44:26,859 INFO  [Log] My log in test is going on 
2023-01-10 18:44:26,859 INFO  [Log] My test case might be failed 
2023-01-10 18:44:33,644 INFO  [Log] My test case is about to complete 
2023-01-10 18:44:33,644 INFO  [Log] ################################## 
2023-01-10 18:44:33,644 INFO  [Log] ########################################## 
2023-01-10 18:44:33,644 INFO  [Log] ############   This is my Login test again ################ 
2023-01-10 18:44:33,644 INFO  [Log] ########################## 
2023-01-10 18:44:33,644 INFO  [Log] ########################################## 
2023-01-10 18:56:32,204 INFO  [Log] ************************************* 
2023-01-10 18:56:32,206 INFO  [Log] ****************************************** 
2023-01-10 18:56:32,208 INFO  [Log] ############   My first test case is Login test ################ 
2023-01-10 18:56:32,208 INFO  [Log] ************************************* 
2023-01-10 18:56:32,208 INFO  [Log] ****************************************** 
2023-01-10 18:56:32,209 INFO  [Log] My log in test is going on 
2023-01-10 18:56:32,209 INFO  [Log] My test case might be failed 
2023-01-10 18:56:38,806 INFO  [Log] My test case is about to complete 
2023-01-10 18:56:38,806 INFO  [Log] ################################## 
2023-01-10 18:56:38,806 INFO  [Log] ########################################## 
2023-01-10 18:56:38,806 INFO  [Log] ############   This is my Login test again ################ 
2023-01-10 18:56:38,806 INFO  [Log] ########################## 
2023-01-10 18:56:38,806 INFO  [Log] ########################################## 
2023-01-10 18:58:03,460 INFO  [Log] ************************************* 
2023-01-10 18:58:03,460 INFO  [Log] ****************************************** 
2023-01-10 18:58:03,465 INFO  [Log] ############   My first test case is Login test ################ 
2023-01-10 18:58:03,465 INFO  [Log] ************************************* 
2023-01-10 18:58:03,465 INFO  [Log] ****************************************** 
2023-01-10 18:58:03,465 INFO  [Log] My log in test is going on 
2023-01-10 18:58:03,465 INFO  [Log] My test case might be failed 
2023-01-10 18:58:10,270 INFO  [Log] My test case is about to complete 
2023-01-10 18:58:10,270 INFO  [Log] ################################## 
2023-01-10 18:58:10,270 INFO  [Log] ########################################## 
2023-01-10 18:58:10,270 INFO  [Log] ############   This is my Login test again ################ 
2023-01-10 18:58:10,270 INFO  [Log] ########################## 
2023-01-10 18:58:10,270 INFO  [Log] ########################################## 
2023-01-10 22:06:56,620 INFO  [Log] ************************************* 
2023-01-10 22:06:56,621 INFO  [Log] ****************************************** 
2023-01-10 22:06:56,631 INFO  [Log] ############   My first test case is Login test ################ 
2023-01-10 22:06:56,631 INFO  [Log] ************************************* 
2023-01-10 22:06:56,631 INFO  [Log] ****************************************** 
2023-01-10 22:06:56,631 INFO  [Log] My log in test is going on 
2023-01-10 22:06:56,631 INFO  [Log] My test case might be failed 
2023-01-10 22:07:06,034 INFO  [Log] My test case is about to complete 
2023-01-10 22:07:06,034 INFO  [Log] ################################## 
2023-01-10 22:07:06,034 INFO  [Log] ########################################## 
2023-01-10 22:07:06,034 INFO  [Log] ############   This is my Login test again ################ 
2023-01-10 22:07:06,034 INFO  [Log] ########################## 
2023-01-10 22:07:06,034 INFO  [Log] ########################################## 
2023-01-10 22:15:49,209 INFO  [Log] ************************************* 
2023-01-10 22:15:49,210 INFO  [Log] ****************************************** 
2023-01-10 22:15:49,217 INFO  [Log] ############   My first test case is Login test ################ 
2023-01-10 22:15:49,218 INFO  [Log] ************************************* 
2023-01-10 22:15:49,218 INFO  [Log] ****************************************** 
2023-01-10 22:15:49,218 INFO  [Log] My log in test is going on 
2023-01-10 22:15:49,218 INFO  [Log] My test case might be failed 
2023-01-10 22:15:56,259 INFO  [Log] My test case is about to complete 
2023-01-10 22:15:56,259 INFO  [Log] ################################## 
2023-01-10 22:15:56,259 INFO  [Log] ########################################## 
2023-01-10 22:15:56,259 INFO  [Log] ############   This is my Login test again ################ 
2023-01-10 22:15:56,259 INFO  [Log] ########################## 
2023-01-10 22:15:56,259 INFO  [Log] ########################################## 
2023-01-10 22:20:18,682 INFO  [Log] ************************************* 
2023-01-10 22:20:18,682 INFO  [Log] ****************************************** 
2023-01-10 22:20:18,687 INFO  [Log] ############   My first test case is Login test ################ 
2023-01-10 22:20:18,687 INFO  [Log] ************************************* 
2023-01-10 22:20:18,687 INFO  [Log] ****************************************** 
2023-01-10 22:20:18,687 INFO  [Log] My log in test is going on 
2023-01-10 22:20:18,687 INFO  [Log] My test case might be failed 
2023-01-10 22:20:25,637 INFO  [Log] My test case is about to complete 
2023-01-10 22:20:25,637 INFO  [Log] ################################## 
2023-01-10 22:20:25,637 INFO  [Log] ########################################## 
2023-01-10 22:20:25,638 INFO  [Log] ############   This is my Login test again ################ 
2023-01-10 22:20:25,638 INFO  [Log] ########################## 
2023-01-10 22:20:25,638 INFO  [Log] ########################################## 
2023-01-10 22:24:06,568 INFO  [Log] ************************************* 
2023-01-10 22:24:06,569 INFO  [Log] ****************************************** 
2023-01-10 22:24:06,572 INFO  [Log] ############   My first test case is Login test ################ 
2023-01-10 22:24:06,572 INFO  [Log] ************************************* 
2023-01-10 22:24:06,572 INFO  [Log] ****************************************** 
2023-01-10 22:24:06,572 INFO  [Log] My log in test is going on 
2023-01-10 22:24:06,572 INFO  [Log] My test case might be failed 
2023-01-10 22:24:13,340 INFO  [Log] My test case is about to complete 
2023-01-10 22:24:13,341 INFO  [Log] ################################## 
2023-01-10 22:24:13,341 INFO  [Log] ########################################## 
2023-01-10 22:24:13,341 INFO  [Log] ############   This is my Login test again ################ 
2023-01-10 22:24:13,341 INFO  [Log] ########################## 
2023-01-10 22:24:13,341 INFO  [Log] ########################################## 
2023-01-10 22:27:20,418 INFO  [Log] ************************************* 
2023-01-10 22:27:20,418 INFO  [Log] ****************************************** 
2023-01-10 22:27:20,427 INFO  [Log] ############   My first test case is Login test ################ 
2023-01-10 22:27:20,427 INFO  [Log] ************************************* 
2023-01-10 22:27:20,427 INFO  [Log] ****************************************** 
2023-01-10 22:27:20,427 INFO  [Log] My log in test is going on 
2023-01-10 22:27:20,427 INFO  [Log] My test case might be failed 
2023-01-10 22:27:27,203 INFO  [Log] My test case is about to complete 
2023-01-10 22:27:27,203 INFO  [Log] ################################## 
2023-01-10 22:27:27,203 INFO  [Log] ########################################## 
2023-01-10 22:27:27,203 INFO  [Log] ############   This is my Login test again ################ 
2023-01-10 22:27:27,203 INFO  [Log] ########################## 
2023-01-10 22:27:27,203 INFO  [Log] ########################################## 
2023-01-10 22:34:20,199 INFO  [Log] ************************************* 
2023-01-10 22:34:20,199 INFO  [Log] ****************************************** 
2023-01-10 22:34:20,204 INFO  [Log] ############   My first test case is Login test ################ 
2023-01-10 22:34:20,204 INFO  [Log] ************************************* 
2023-01-10 22:34:20,204 INFO  [Log] ****************************************** 
2023-01-10 22:34:20,204 INFO  [Log] My log in test is going on 
2023-01-10 22:34:20,204 INFO  [Log] My test case might be failed 
2023-01-10 22:34:26,945 INFO  [Log] My test case is about to complete 
2023-01-10 22:34:26,945 INFO  [Log] ################################## 
2023-01-10 22:34:26,945 INFO  [Log] ########################################## 
2023-01-10 22:34:26,945 INFO  [Log] ############   This is my Login test again ################ 
2023-01-10 22:34:26,945 INFO  [Log] ########################## 
2023-01-10 22:34:26,945 INFO  [Log] ########################################## 
2023-01-10 22:39:26,125 INFO  [Log] ************************************* 
2023-01-10 22:39:26,126 INFO  [Log] ****************************************** 
2023-01-10 22:39:26,130 INFO  [Log] ############   My first test case is Login test ################ 
2023-01-10 22:39:26,131 INFO  [Log] ************************************* 
2023-01-10 22:39:26,131 INFO  [Log] ****************************************** 
2023-01-10 22:39:26,131 INFO  [Log] My log in test is going on 
2023-01-10 22:39:26,131 INFO  [Log] My test case might be failed 
2023-01-10 22:39:32,899 INFO  [Log] My test case is about to complete 
2023-01-10 22:39:32,899 INFO  [Log] ################################## 
2023-01-10 22:39:32,899 INFO  [Log] ########################################## 
2023-01-10 22:39:32,899 INFO  [Log] ############   This is my Login test again ################ 
2023-01-10 22:39:32,899 INFO  [Log] ########################## 
2023-01-10 22:39:32,899 INFO  [Log] ########################################## 
2023-01-10 22:43:02,263 INFO  [Log] ************************************* 
2023-01-10 22:43:02,263 INFO  [Log] ****************************************** 
2023-01-10 22:43:02,267 INFO  [Log] ############   My first test case is Login test ################ 
2023-01-10 22:43:02,267 INFO  [Log] ************************************* 
2023-01-10 22:43:02,267 INFO  [Log] ****************************************** 
2023-01-10 22:43:02,268 INFO  [Log] My log in test is going on 
2023-01-10 22:43:02,268 INFO  [Log] My test case might be failed 
2023-01-10 22:43:08,866 INFO  [Log] My test case is about to complete 
2023-01-10 22:43:08,866 INFO  [Log] ################################## 
2023-01-10 22:43:08,866 INFO  [Log] ########################################## 
2023-01-10 22:43:08,867 INFO  [Log] ############   This is my Login test again ################ 
2023-01-10 22:43:08,867 INFO  [Log] ########################## 
2023-01-10 22:43:08,867 INFO  [Log] ########################################## 
2023-01-10 22:45:00,138 INFO  [Log] ************************************* 
2023-01-10 22:45:00,140 INFO  [Log] ****************************************** 
2023-01-10 22:45:00,144 INFO  [Log] ############   My first test case is Login test ################ 
2023-01-10 22:45:00,144 INFO  [Log] ************************************* 
2023-01-10 22:45:00,144 INFO  [Log] ****************************************** 
2023-01-10 22:45:00,144 INFO  [Log] My log in test is going on 
2023-01-10 22:45:00,144 INFO  [Log] My test case might be failed 
2023-01-10 22:45:06,827 INFO  [Log] My test case is about to complete 
2023-01-10 22:45:06,827 INFO  [Log] ################################## 
2023-01-10 22:45:06,827 INFO  [Log] ########################################## 
2023-01-10 22:45:06,827 INFO  [Log] ############   This is my Login test again ################ 
2023-01-10 22:45:06,827 INFO  [Log] ########################## 
2023-01-10 22:45:06,827 INFO  [Log] ########################################## 
2023-01-10 22:48:10,616 INFO  [Log] ************************************* 
2023-01-10 22:48:10,617 INFO  [Log] ****************************************** 
2023-01-10 22:48:10,619 INFO  [Log] ############   My first test case is Login test ################ 
2023-01-10 22:48:10,619 INFO  [Log] ************************************* 
2023-01-10 22:48:10,619 INFO  [Log] ****************************************** 
2023-01-10 22:48:10,619 INFO  [Log] My log in test is going on 
2023-01-10 22:48:10,619 INFO  [Log] My test case might be failed 
2023-01-10 22:48:15,729 INFO  [Log] My test case is about to complete 
2023-01-10 22:48:15,729 INFO  [Log] ################################## 
2023-01-10 22:48:15,729 INFO  [Log] ########################################## 
2023-01-10 22:48:15,729 INFO  [Log] ############   This is my Login test again ################ 
2023-01-10 22:48:15,729 INFO  [Log] ########################## 
2023-01-10 22:48:15,729 INFO  [Log] ########################################## 
2023-01-10 22:54:59,134 INFO  [Log] ************************************* 
2023-01-10 22:54:59,135 INFO  [Log] ****************************************** 
2023-01-10 22:54:59,139 INFO  [Log] ############   My first test case is Login test ################ 
2023-01-10 22:54:59,139 INFO  [Log] ************************************* 
2023-01-10 22:54:59,139 INFO  [Log] ****************************************** 
2023-01-10 22:54:59,139 INFO  [Log] My log in test is going on 
2023-01-10 22:54:59,139 INFO  [Log] My test case might be failed 
2023-01-10 22:55:04,535 INFO  [Log] My test case is about to complete 
2023-01-10 22:55:04,536 INFO  [Log] ################################## 
2023-01-10 22:55:04,536 INFO  [Log] ########################################## 
2023-01-10 22:55:04,536 INFO  [Log] ############   This is my Login test again ################ 
2023-01-10 22:55:04,536 INFO  [Log] ########################## 
2023-01-10 22:55:04,536 INFO  [Log] ########################################## 
2023-01-10 22:58:40,086 INFO  [Log] ************************************* 
2023-01-10 22:58:40,086 INFO  [Log] ****************************************** 
2023-01-10 22:58:40,094 INFO  [Log] ############   My first test case is Login test ################ 
2023-01-10 22:58:40,094 INFO  [Log] ************************************* 
2023-01-10 22:58:40,094 INFO  [Log] ****************************************** 
2023-01-10 22:58:40,094 INFO  [Log] My log in test is going on 
2023-01-10 22:58:40,094 INFO  [Log] My test case might be failed 
2023-01-10 22:58:46,125 INFO  [Log] My test case is about to complete 
2023-01-10 22:58:46,125 INFO  [Log] ################################## 
2023-01-10 22:58:46,125 INFO  [Log] ########################################## 
2023-01-10 22:58:46,125 INFO  [Log] ############   This is my Login test again ################ 
2023-01-10 22:58:46,125 INFO  [Log] ########################## 
2023-01-10 22:58:46,125 INFO  [Log] ########################################## 
2023-01-10 23:08:53,881 INFO  [Log] ************************************* 
2023-01-10 23:08:53,882 INFO  [Log] ****************************************** 
2023-01-10 23:08:53,884 INFO  [Log] ############   My first test case is Login test ################ 
2023-01-10 23:08:53,884 INFO  [Log] ************************************* 
2023-01-10 23:08:53,884 INFO  [Log] ****************************************** 
2023-01-10 23:08:53,884 INFO  [Log] My log in test is going on 
2023-01-10 23:08:53,884 INFO  [Log] My test case might be failed 
2023-01-10 23:09:03,087 INFO  [Log] My test case is about to complete 
2023-01-10 23:09:03,087 INFO  [Log] ################################## 
2023-01-10 23:09:03,087 INFO  [Log] ########################################## 
2023-01-10 23:09:03,087 INFO  [Log] ############   This is my Login test again ################ 
2023-01-10 23:09:03,087 INFO  [Log] ########################## 
2023-01-10 23:09:03,087 INFO  [Log] ########################################## 
2023-01-10 23:11:25,926 INFO  [Log] ************************************* 
2023-01-10 23:11:25,926 INFO  [Log] ****************************************** 
2023-01-10 23:11:25,930 INFO  [Log] ############   My first test case is Login test ################ 
2023-01-10 23:11:25,930 INFO  [Log] ************************************* 
2023-01-10 23:11:25,930 INFO  [Log] ****************************************** 
2023-01-10 23:11:25,930 INFO  [Log] My log in test is going on 
2023-01-10 23:11:25,930 INFO  [Log] My test case might be failed 
2023-01-10 23:11:31,896 INFO  [Log] My test case is about to complete 
2023-01-10 23:11:31,896 INFO  [Log] ################################## 
2023-01-10 23:11:31,896 INFO  [Log] ########################################## 
2023-01-10 23:11:31,896 INFO  [Log] ############   This is my Login test again ################ 
2023-01-10 23:11:31,896 INFO  [Log] ########################## 
2023-01-10 23:11:31,896 INFO  [Log] ########################################## 
2023-01-10 23:18:14,069 INFO  [Log] ************************************* 
2023-01-10 23:18:14,070 INFO  [Log] ****************************************** 
2023-01-10 23:18:14,074 INFO  [Log] ############   My first test case is Login test ################ 
2023-01-10 23:18:14,075 INFO  [Log] ************************************* 
2023-01-10 23:18:14,075 INFO  [Log] ****************************************** 
2023-01-10 23:18:14,075 INFO  [Log] My log in test is going on 
2023-01-10 23:18:14,075 INFO  [Log] My test case might be failed 
2023-01-10 23:18:20,412 INFO  [Log] My test case is about to complete 
2023-01-10 23:18:20,412 INFO  [Log] ################################## 
2023-01-10 23:18:20,412 INFO  [Log] ########################################## 
2023-01-10 23:18:20,412 INFO  [Log] ############   This is my Login test again ################ 
2023-01-10 23:18:20,412 INFO  [Log] ########################## 
2023-01-10 23:18:20,413 INFO  [Log] ########################################## 
2023-01-10 23:19:33,168 INFO  [Log] ************************************* 
2023-01-10 23:19:33,168 INFO  [Log] ****************************************** 
2023-01-10 23:19:33,173 INFO  [Log] ############   My first test case is Login test ################ 
2023-01-10 23:19:33,173 INFO  [Log] ************************************* 
2023-01-10 23:19:33,173 INFO  [Log] ****************************************** 
2023-01-10 23:19:33,173 INFO  [Log] My log in test is going on 
2023-01-10 23:19:33,173 INFO  [Log] My test case might be failed 
2023-01-10 23:19:39,470 INFO  [Log] My test case is about to complete 
2023-01-10 23:19:39,470 INFO  [Log] ################################## 
2023-01-10 23:19:39,470 INFO  [Log] ########################################## 
2023-01-10 23:19:39,470 INFO  [Log] ############   This is my Login test again ################ 
2023-01-10 23:19:39,470 INFO  [Log] ########################## 
2023-01-10 23:19:39,470 INFO  [Log] ########################################## 
2023-01-10 23:22:29,142 INFO  [Log] ************************************* 
2023-01-10 23:22:29,142 INFO  [Log] ****************************************** 
2023-01-10 23:22:29,150 INFO  [Log] ############   My first test case is Login test ################ 
2023-01-10 23:22:29,150 INFO  [Log] ************************************* 
2023-01-10 23:22:29,151 INFO  [Log] ****************************************** 
2023-01-10 23:22:29,151 INFO  [Log] My log in test is going on 
2023-01-10 23:22:29,151 INFO  [Log] My test case might be failed 
2023-01-10 23:22:36,507 INFO  [Log] My test case is about to complete 
2023-01-10 23:22:36,507 INFO  [Log] ################################## 
2023-01-10 23:22:36,507 INFO  [Log] ########################################## 
2023-01-10 23:22:36,507 INFO  [Log] ############   This is my Login test again ################ 
2023-01-10 23:22:36,507 INFO  [Log] ########################## 
2023-01-10 23:22:36,507 INFO  [Log] ########################################## 
2023-01-10 23:24:12,713 INFO  [Log] ************************************* 
2023-01-10 23:24:12,713 INFO  [Log] ****************************************** 
2023-01-10 23:24:12,716 INFO  [Log] ############   My first test case is Login test ################ 
2023-01-10 23:24:12,716 INFO  [Log] ************************************* 
2023-01-10 23:24:12,716 INFO  [Log] ****************************************** 
2023-01-10 23:24:12,716 INFO  [Log] My log in test is going on 
2023-01-10 23:24:12,716 INFO  [Log] My test case might be failed 
2023-01-10 23:24:18,993 INFO  [Log] My test case is about to complete 
2023-01-10 23:24:18,993 INFO  [Log] ################################## 
2023-01-10 23:24:18,993 INFO  [Log] ########################################## 
2023-01-10 23:24:18,993 INFO  [Log] ############   This is my Login test again ################ 
2023-01-10 23:24:18,993 INFO  [Log] ########################## 
2023-01-10 23:24:18,993 INFO  [Log] ########################################## 
2023-01-10 23:30:27,066 INFO  [Log] ************************************* 
2023-01-10 23:30:27,067 INFO  [Log] ****************************************** 
2023-01-10 23:30:27,074 INFO  [Log] ############   My first test case is Login test ################ 
2023-01-10 23:30:27,074 INFO  [Log] ************************************* 
2023-01-10 23:30:27,074 INFO  [Log] ****************************************** 
2023-01-10 23:30:27,075 INFO  [Log] My log in test is going on 
2023-01-10 23:30:27,075 INFO  [Log] My test case might be failed 
2023-01-10 23:30:33,696 INFO  [Log] My test case is about to complete 
2023-01-10 23:30:33,696 INFO  [Log] ################################## 
2023-01-10 23:30:33,696 INFO  [Log] ########################################## 
2023-01-10 23:30:33,696 INFO  [Log] ############   This is my Login test again ################ 
2023-01-10 23:30:33,696 INFO  [Log] ########################## 
2023-01-10 23:30:33,696 INFO  [Log] ########################################## 
2023-01-10 23:36:19,415 INFO  [Log] ************************************* 
2023-01-10 23:36:19,416 INFO  [Log] ****************************************** 
2023-01-10 23:36:19,423 INFO  [Log] ############   My first test case is Login test ################ 
2023-01-10 23:36:19,423 INFO  [Log] ************************************* 
2023-01-10 23:36:19,424 INFO  [Log] ****************************************** 
2023-01-10 23:36:19,424 INFO  [Log] My log in test is going on 
2023-01-10 23:36:19,424 INFO  [Log] My test case might be failed 
2023-01-10 23:36:26,664 INFO  [Log] My test case is about to complete 
2023-01-10 23:36:26,664 INFO  [Log] ################################## 
2023-01-10 23:36:26,664 INFO  [Log] ########################################## 
2023-01-10 23:36:26,665 INFO  [Log] ############   This is my Login test again ################ 
2023-01-10 23:36:26,665 INFO  [Log] ########################## 
2023-01-10 23:36:26,665 INFO  [Log] ########################################## 
2023-01-10 23:43:33,869 INFO  [Log] ************************************* 
2023-01-10 23:43:33,870 INFO  [Log] ****************************************** 
2023-01-10 23:43:33,876 INFO  [Log] ############   My first test case is Login test ################ 
2023-01-10 23:43:33,876 INFO  [Log] ************************************* 
2023-01-10 23:43:33,876 INFO  [Log] ****************************************** 
2023-01-10 23:43:33,876 INFO  [Log] My log in test is going on 
2023-01-10 23:43:33,876 INFO  [Log] My test case might be failed 
2023-01-10 23:43:40,660 INFO  [Log] My test case is about to complete 
2023-01-10 23:43:40,660 INFO  [Log] ################################## 
2023-01-10 23:43:40,660 INFO  [Log] ########################################## 
2023-01-10 23:43:40,660 INFO  [Log] ############   This is my Login test again ################ 
2023-01-10 23:43:40,660 INFO  [Log] ########################## 
2023-01-10 23:43:40,660 INFO  [Log] ########################################## 
2023-01-10 23:46:08,369 INFO  [Log] ************************************* 
2023-01-10 23:46:08,370 INFO  [Log] ****************************************** 
2023-01-10 23:46:08,378 INFO  [Log] ############   My first test case is Login test ################ 
2023-01-10 23:46:08,378 INFO  [Log] ************************************* 
2023-01-10 23:46:08,378 INFO  [Log] ****************************************** 
2023-01-10 23:46:08,378 INFO  [Log] My log in test is going on 
2023-01-10 23:46:08,378 INFO  [Log] My test case might be failed 
2023-01-10 23:46:16,595 INFO  [Log] My test case is about to complete 
2023-01-10 23:46:16,596 INFO  [Log] ################################## 
2023-01-10 23:46:16,596 INFO  [Log] ########################################## 
2023-01-10 23:46:16,596 INFO  [Log] ############   This is my Login test again ################ 
2023-01-10 23:46:16,596 INFO  [Log] ########################## 
2023-01-10 23:46:16,596 INFO  [Log] ########################################## 
